<?xml version="1.0" encoding="UTF-8"?>
<testsuite xmlns:xsi="http://www.w3.org/2001/XMLSchema-instance" xsi:noNamespaceSchemaLocation="https://maven.apache.org/surefire/maven-surefire-plugin/xsd/surefire-test-report.xsd" name="hadoop.ch06.v17124080229.AppTest" time="0.082" tests="1" errors="0" skipped="0" failures="0">
  <properties>
    <property name="sun.desktop" value="windows"/>
    <property name="awt.toolkit" value="sun.awt.windows.WToolkit"/>
    <property name="file.encoding.pkg" value="sun.io"/>
    <property name="java.specification.version" value="1.8"/>
    <property name="sun.cpu.isalist" value="amd64"/>
    <property name="sun.jnu.encoding" value="GBK"/>
    <property name="java.class.path" value="D:\Users\HASEE\IdeaProjects\HBaseDemo63\target\test-classes;D:\Users\HASEE\IdeaProjects\HBaseDemo63\target\classes;D:\repo\junit\junit\4.11\junit-4.11.jar;D:\repo\org\hamcrest\hamcrest-core\1.3\hamcrest-core-1.3.jar;D:\repo\org\apache\hbase\hbase-client\1.3.1\hbase-client-1.3.1.jar;D:\repo\org\apache\hbase\hbase-annotations\1.3.1\hbase-annotations-1.3.1.jar;D:\repo\com\github\stephenc\findbugs\findbugs-annotations\1.3.9-1\findbugs-annotations-1.3.9-1.jar;D:\repo\org\apache\hbase\hbase-common\1.3.1\hbase-common-1.3.1.jar;D:\repo\org\apache\hbase\hbase-protocol\1.3.1\hbase-protocol-1.3.1.jar;D:\repo\commons-codec\commons-codec\1.9\commons-codec-1.9.jar;D:\repo\commons-io\commons-io\2.4\commons-io-2.4.jar;D:\repo\commons-lang\commons-lang\2.6\commons-lang-2.6.jar;D:\repo\commons-logging\commons-logging\1.2\commons-logging-1.2.jar;D:\repo\com\google\guava\guava\12.0.1\guava-12.0.1.jar;D:\repo\com\google\protobuf\protobuf-java\2.5.0\protobuf-java-2.5.0.jar;D:\repo\io\netty\netty-all\4.0.23.Final\netty-all-4.0.23.Final.jar;D:\repo\org\apache\zookeeper\zookeeper\3.4.6\zookeeper-3.4.6.jar;D:\repo\org\slf4j\slf4j-api\1.6.1\slf4j-api-1.6.1.jar;D:\repo\org\slf4j\slf4j-log4j12\1.6.1\slf4j-log4j12-1.6.1.jar;D:\repo\org\apache\htrace\htrace-core\3.1.0-incubating\htrace-core-3.1.0-incubating.jar;D:\repo\org\codehaus\jackson\jackson-mapper-asl\1.9.13\jackson-mapper-asl-1.9.13.jar;D:\repo\org\jruby\jcodings\jcodings\1.0.8\jcodings-1.0.8.jar;D:\repo\org\jruby\joni\joni\2.1.2\joni-2.1.2.jar;D:\repo\com\yammer\metrics\metrics-core\2.2.0\metrics-core-2.2.0.jar;D:\repo\org\apache\hadoop\hadoop-auth\2.5.1\hadoop-auth-2.5.1.jar;D:\repo\org\apache\httpcomponents\httpclient\4.2.5\httpclient-4.2.5.jar;D:\repo\org\apache\httpcomponents\httpcore\4.2.4\httpcore-4.2.4.jar;D:\repo\org\apache\directory\server\apacheds-kerberos-codec\2.0.0-M15\apacheds-kerberos-codec-2.0.0-M15.jar;D:\repo\org\apache\directory\server\apacheds-i18n\2.0.0-M15\apacheds-i18n-2.0.0-M15.jar;D:\repo\org\apache\directory\api\api-asn1-api\1.0.0-M20\api-asn1-api-1.0.0-M20.jar;D:\repo\org\apache\directory\api\api-util\1.0.0-M20\api-util-1.0.0-M20.jar;D:\repo\org\apache\hadoop\hadoop-common\2.5.1\hadoop-common-2.5.1.jar;D:\repo\org\apache\hadoop\hadoop-annotations\2.5.1\hadoop-annotations-2.5.1.jar;D:\Program Files\Java\jdk1.8.0_171\jre\..\lib\tools.jar;D:\repo\org\apache\commons\commons-math3\3.1.1\commons-math3-3.1.1.jar;D:\repo\xmlenc\xmlenc\0.52\xmlenc-0.52.jar;D:\repo\commons-net\commons-net\3.1\commons-net-3.1.jar;D:\repo\commons-el\commons-el\1.0\commons-el-1.0.jar;D:\repo\commons-configuration\commons-configuration\1.6\commons-configuration-1.6.jar;D:\repo\commons-digester\commons-digester\1.8\commons-digester-1.8.jar;D:\repo\commons-beanutils\commons-beanutils\1.7.0\commons-beanutils-1.7.0.jar;D:\repo\commons-beanutils\commons-beanutils-core\1.8.0\commons-beanutils-core-1.8.0.jar;D:\repo\org\apache\avro\avro\1.7.4\avro-1.7.4.jar;D:\repo\com\thoughtworks\paranamer\paranamer\2.3\paranamer-2.3.jar;D:\repo\org\xerial\snappy\snappy-java\1.0.4.1\snappy-java-1.0.4.1.jar;D:\repo\com\jcraft\jsch\0.1.42\jsch-0.1.42.jar;D:\repo\com\google\code\findbugs\jsr305\1.3.9\jsr305-1.3.9.jar;D:\repo\org\apache\commons\commons-compress\1.4.1\commons-compress-1.4.1.jar;D:\repo\org\tukaani\xz\1.0\xz-1.0.jar;D:\repo\org\apache\hadoop\hadoop-mapreduce-client-core\2.5.1\hadoop-mapreduce-client-core-2.5.1.jar;D:\repo\org\apache\hadoop\hadoop-yarn-common\2.5.1\hadoop-yarn-common-2.5.1.jar;D:\repo\javax\xml\bind\jaxb-api\2.2.2\jaxb-api-2.2.2.jar;D:\repo\javax\xml\stream\stax-api\1.0-2\stax-api-1.0-2.jar;D:\repo\javax\activation\activation\1.1\activation-1.1.jar;D:\repo\io\netty\netty\3.6.2.Final\netty-3.6.2.Final.jar;D:\repo\org\apache\hbase\hbase-server\1.3.1\hbase-server-1.3.1.jar;D:\repo\org\apache\hbase\hbase-procedure\1.3.1\hbase-procedure-1.3.1.jar;D:\repo\org\apache\hbase\hbase-common\1.3.1\hbase-common-1.3.1-tests.jar;D:\repo\org\apache\hbase\hbase-prefix-tree\1.3.1\hbase-prefix-tree-1.3.1.jar;D:\repo\commons-httpclient\commons-httpclient\3.1\commons-httpclient-3.1.jar;D:\repo\commons-collections\commons-collections\3.2.2\commons-collections-3.2.2.jar;D:\repo\org\apache\hbase\hbase-hadoop-compat\1.3.1\hbase-hadoop-compat-1.3.1.jar;D:\repo\org\apache\hbase\hbase-hadoop2-compat\1.3.1\hbase-hadoop2-compat-1.3.1.jar;D:\repo\com\sun\jersey\jersey-core\1.9\jersey-core-1.9.jar;D:\repo\com\sun\jersey\jersey-server\1.9\jersey-server-1.9.jar;D:\repo\asm\asm\3.1\asm-3.1.jar;D:\repo\commons-cli\commons-cli\1.2\commons-cli-1.2.jar;D:\repo\org\apache\commons\commons-math\2.2\commons-math-2.2.jar;D:\repo\log4j\log4j\1.2.17\log4j-1.2.17.jar;D:\repo\org\mortbay\jetty\jetty\6.1.26\jetty-6.1.26.jar;D:\repo\org\mortbay\jetty\jetty-util\6.1.26\jetty-util-6.1.26.jar;D:\repo\org\mortbay\jetty\jetty-sslengine\6.1.26\jetty-sslengine-6.1.26.jar;D:\repo\org\mortbay\jetty\jsp-2.1\6.1.14\jsp-2.1-6.1.14.jar;D:\repo\org\mortbay\jetty\jsp-api-2.1\6.1.14\jsp-api-2.1-6.1.14.jar;D:\repo\org\mortbay\jetty\servlet-api-2.5\6.1.14\servlet-api-2.5-6.1.14.jar;D:\repo\org\codehaus\jackson\jackson-core-asl\1.9.13\jackson-core-asl-1.9.13.jar;D:\repo\org\codehaus\jackson\jackson-jaxrs\1.9.13\jackson-jaxrs-1.9.13.jar;D:\repo\tomcat\jasper-compiler\5.5.23\jasper-compiler-5.5.23.jar;D:\repo\tomcat\jasper-runtime\5.5.23\jasper-runtime-5.5.23.jar;D:\repo\org\jamon\jamon-runtime\2.4.1\jamon-runtime-2.4.1.jar;D:\repo\com\lmax\disruptor\3.3.0\disruptor-3.3.0.jar;D:\repo\org\apache\hadoop\hadoop-client\2.5.1\hadoop-client-2.5.1.jar;D:\repo\org\apache\hadoop\hadoop-mapreduce-client-app\2.5.1\hadoop-mapreduce-client-app-2.5.1.jar;D:\repo\org\apache\hadoop\hadoop-mapreduce-client-common\2.5.1\hadoop-mapreduce-client-common-2.5.1.jar;D:\repo\org\apache\hadoop\hadoop-yarn-client\2.5.1\hadoop-yarn-client-2.5.1.jar;D:\repo\com\sun\jersey\jersey-client\1.9\jersey-client-1.9.jar;D:\repo\org\apache\hadoop\hadoop-yarn-server-common\2.5.1\hadoop-yarn-server-common-2.5.1.jar;D:\repo\org\apache\hadoop\hadoop-mapreduce-client-shuffle\2.5.1\hadoop-mapreduce-client-shuffle-2.5.1.jar;D:\repo\org\fusesource\leveldbjni\leveldbjni-all\1.8\leveldbjni-all-1.8.jar;D:\repo\org\apache\hadoop\hadoop-yarn-api\2.5.1\hadoop-yarn-api-2.5.1.jar;D:\repo\org\apache\hadoop\hadoop-mapreduce-client-jobclient\2.5.1\hadoop-mapreduce-client-jobclient-2.5.1.jar;D:\repo\org\apache\hadoop\hadoop-hdfs\2.5.1\hadoop-hdfs-2.5.1.jar;D:\repo\commons-daemon\commons-daemon\1.0.13\commons-daemon-1.0.13.jar;"/>
    <property name="java.vm.vendor" value="Oracle Corporation"/>
    <property name="sun.arch.data.model" value="64"/>
    <property name="user.variant" value=""/>
    <property name="java.vendor.url" value="http://java.oracle.com/"/>
    <property name="user.timezone" value="Asia/Shanghai"/>
    <property name="java.vm.specification.version" value="1.8"/>
    <property name="os.name" value="Windows 10"/>
    <property name="user.country" value="CN"/>
    <property name="sun.java.launcher" value="SUN_STANDARD"/>
    <property name="sun.boot.library.path" value="D:\Program Files\Java\jdk1.8.0_171\jre\bin"/>
    <property name="sun.java.command" value="C:\Users\HASEE\AppData\Local\Temp\surefire6983677807546491161\surefirebooter4786398699383541666.jar C:\Users\HASEE\AppData\Local\Temp\surefire6983677807546491161 2019-11-22T10-38-45_227-jvmRun1 surefire7456158219535119239tmp surefire_01807698523853331675tmp"/>
    <property name="surefire.test.class.path" value="D:\Users\HASEE\IdeaProjects\HBaseDemo63\target\test-classes;D:\Users\HASEE\IdeaProjects\HBaseDemo63\target\classes;D:\repo\junit\junit\4.11\junit-4.11.jar;D:\repo\org\hamcrest\hamcrest-core\1.3\hamcrest-core-1.3.jar;D:\repo\org\apache\hbase\hbase-client\1.3.1\hbase-client-1.3.1.jar;D:\repo\org\apache\hbase\hbase-annotations\1.3.1\hbase-annotations-1.3.1.jar;D:\repo\com\github\stephenc\findbugs\findbugs-annotations\1.3.9-1\findbugs-annotations-1.3.9-1.jar;D:\repo\org\apache\hbase\hbase-common\1.3.1\hbase-common-1.3.1.jar;D:\repo\org\apache\hbase\hbase-protocol\1.3.1\hbase-protocol-1.3.1.jar;D:\repo\commons-codec\commons-codec\1.9\commons-codec-1.9.jar;D:\repo\commons-io\commons-io\2.4\commons-io-2.4.jar;D:\repo\commons-lang\commons-lang\2.6\commons-lang-2.6.jar;D:\repo\commons-logging\commons-logging\1.2\commons-logging-1.2.jar;D:\repo\com\google\guava\guava\12.0.1\guava-12.0.1.jar;D:\repo\com\google\protobuf\protobuf-java\2.5.0\protobuf-java-2.5.0.jar;D:\repo\io\netty\netty-all\4.0.23.Final\netty-all-4.0.23.Final.jar;D:\repo\org\apache\zookeeper\zookeeper\3.4.6\zookeeper-3.4.6.jar;D:\repo\org\slf4j\slf4j-api\1.6.1\slf4j-api-1.6.1.jar;D:\repo\org\slf4j\slf4j-log4j12\1.6.1\slf4j-log4j12-1.6.1.jar;D:\repo\org\apache\htrace\htrace-core\3.1.0-incubating\htrace-core-3.1.0-incubating.jar;D:\repo\org\codehaus\jackson\jackson-mapper-asl\1.9.13\jackson-mapper-asl-1.9.13.jar;D:\repo\org\jruby\jcodings\jcodings\1.0.8\jcodings-1.0.8.jar;D:\repo\org\jruby\joni\joni\2.1.2\joni-2.1.2.jar;D:\repo\com\yammer\metrics\metrics-core\2.2.0\metrics-core-2.2.0.jar;D:\repo\org\apache\hadoop\hadoop-auth\2.5.1\hadoop-auth-2.5.1.jar;D:\repo\org\apache\httpcomponents\httpclient\4.2.5\httpclient-4.2.5.jar;D:\repo\org\apache\httpcomponents\httpcore\4.2.4\httpcore-4.2.4.jar;D:\repo\org\apache\directory\server\apacheds-kerberos-codec\2.0.0-M15\apacheds-kerberos-codec-2.0.0-M15.jar;D:\repo\org\apache\directory\server\apacheds-i18n\2.0.0-M15\apacheds-i18n-2.0.0-M15.jar;D:\repo\org\apache\directory\api\api-asn1-api\1.0.0-M20\api-asn1-api-1.0.0-M20.jar;D:\repo\org\apache\directory\api\api-util\1.0.0-M20\api-util-1.0.0-M20.jar;D:\repo\org\apache\hadoop\hadoop-common\2.5.1\hadoop-common-2.5.1.jar;D:\repo\org\apache\hadoop\hadoop-annotations\2.5.1\hadoop-annotations-2.5.1.jar;D:\Program Files\Java\jdk1.8.0_171\jre\..\lib\tools.jar;D:\repo\org\apache\commons\commons-math3\3.1.1\commons-math3-3.1.1.jar;D:\repo\xmlenc\xmlenc\0.52\xmlenc-0.52.jar;D:\repo\commons-net\commons-net\3.1\commons-net-3.1.jar;D:\repo\commons-el\commons-el\1.0\commons-el-1.0.jar;D:\repo\commons-configuration\commons-configuration\1.6\commons-configuration-1.6.jar;D:\repo\commons-digester\commons-digester\1.8\commons-digester-1.8.jar;D:\repo\commons-beanutils\commons-beanutils\1.7.0\commons-beanutils-1.7.0.jar;D:\repo\commons-beanutils\commons-beanutils-core\1.8.0\commons-beanutils-core-1.8.0.jar;D:\repo\org\apache\avro\avro\1.7.4\avro-1.7.4.jar;D:\repo\com\thoughtworks\paranamer\paranamer\2.3\paranamer-2.3.jar;D:\repo\org\xerial\snappy\snappy-java\1.0.4.1\snappy-java-1.0.4.1.jar;D:\repo\com\jcraft\jsch\0.1.42\jsch-0.1.42.jar;D:\repo\com\google\code\findbugs\jsr305\1.3.9\jsr305-1.3.9.jar;D:\repo\org\apache\commons\commons-compress\1.4.1\commons-compress-1.4.1.jar;D:\repo\org\tukaani\xz\1.0\xz-1.0.jar;D:\repo\org\apache\hadoop\hadoop-mapreduce-client-core\2.5.1\hadoop-mapreduce-client-core-2.5.1.jar;D:\repo\org\apache\hadoop\hadoop-yarn-common\2.5.1\hadoop-yarn-common-2.5.1.jar;D:\repo\javax\xml\bind\jaxb-api\2.2.2\jaxb-api-2.2.2.jar;D:\repo\javax\xml\stream\stax-api\1.0-2\stax-api-1.0-2.jar;D:\repo\javax\activation\activation\1.1\activation-1.1.jar;D:\repo\io\netty\netty\3.6.2.Final\netty-3.6.2.Final.jar;D:\repo\org\apache\hbase\hbase-server\1.3.1\hbase-server-1.3.1.jar;D:\repo\org\apache\hbase\hbase-procedure\1.3.1\hbase-procedure-1.3.1.jar;D:\repo\org\apache\hbase\hbase-common\1.3.1\hbase-common-1.3.1-tests.jar;D:\repo\org\apache\hbase\hbase-prefix-tree\1.3.1\hbase-prefix-tree-1.3.1.jar;D:\repo\commons-httpclient\commons-httpclient\3.1\commons-httpclient-3.1.jar;D:\repo\commons-collections\commons-collections\3.2.2\commons-collections-3.2.2.jar;D:\repo\org\apache\hbase\hbase-hadoop-compat\1.3.1\hbase-hadoop-compat-1.3.1.jar;D:\repo\org\apache\hbase\hbase-hadoop2-compat\1.3.1\hbase-hadoop2-compat-1.3.1.jar;D:\repo\com\sun\jersey\jersey-core\1.9\jersey-core-1.9.jar;D:\repo\com\sun\jersey\jersey-server\1.9\jersey-server-1.9.jar;D:\repo\asm\asm\3.1\asm-3.1.jar;D:\repo\commons-cli\commons-cli\1.2\commons-cli-1.2.jar;D:\repo\org\apache\commons\commons-math\2.2\commons-math-2.2.jar;D:\repo\log4j\log4j\1.2.17\log4j-1.2.17.jar;D:\repo\org\mortbay\jetty\jetty\6.1.26\jetty-6.1.26.jar;D:\repo\org\mortbay\jetty\jetty-util\6.1.26\jetty-util-6.1.26.jar;D:\repo\org\mortbay\jetty\jetty-sslengine\6.1.26\jetty-sslengine-6.1.26.jar;D:\repo\org\mortbay\jetty\jsp-2.1\6.1.14\jsp-2.1-6.1.14.jar;D:\repo\org\mortbay\jetty\jsp-api-2.1\6.1.14\jsp-api-2.1-6.1.14.jar;D:\repo\org\mortbay\jetty\servlet-api-2.5\6.1.14\servlet-api-2.5-6.1.14.jar;D:\repo\org\codehaus\jackson\jackson-core-asl\1.9.13\jackson-core-asl-1.9.13.jar;D:\repo\org\codehaus\jackson\jackson-jaxrs\1.9.13\jackson-jaxrs-1.9.13.jar;D:\repo\tomcat\jasper-compiler\5.5.23\jasper-compiler-5.5.23.jar;D:\repo\tomcat\jasper-runtime\5.5.23\jasper-runtime-5.5.23.jar;D:\repo\org\jamon\jamon-runtime\2.4.1\jamon-runtime-2.4.1.jar;D:\repo\com\lmax\disruptor\3.3.0\disruptor-3.3.0.jar;D:\repo\org\apache\hadoop\hadoop-client\2.5.1\hadoop-client-2.5.1.jar;D:\repo\org\apache\hadoop\hadoop-mapreduce-client-app\2.5.1\hadoop-mapreduce-client-app-2.5.1.jar;D:\repo\org\apache\hadoop\hadoop-mapreduce-client-common\2.5.1\hadoop-mapreduce-client-common-2.5.1.jar;D:\repo\org\apache\hadoop\hadoop-yarn-client\2.5.1\hadoop-yarn-client-2.5.1.jar;D:\repo\com\sun\jersey\jersey-client\1.9\jersey-client-1.9.jar;D:\repo\org\apache\hadoop\hadoop-yarn-server-common\2.5.1\hadoop-yarn-server-common-2.5.1.jar;D:\repo\org\apache\hadoop\hadoop-mapreduce-client-shuffle\2.5.1\hadoop-mapreduce-client-shuffle-2.5.1.jar;D:\repo\org\fusesource\leveldbjni\leveldbjni-all\1.8\leveldbjni-all-1.8.jar;D:\repo\org\apache\hadoop\hadoop-yarn-api\2.5.1\hadoop-yarn-api-2.5.1.jar;D:\repo\org\apache\hadoop\hadoop-mapreduce-client-jobclient\2.5.1\hadoop-mapreduce-client-jobclient-2.5.1.jar;D:\repo\org\apache\hadoop\hadoop-hdfs\2.5.1\hadoop-hdfs-2.5.1.jar;D:\repo\commons-daemon\commons-daemon\1.0.13\commons-daemon-1.0.13.jar;"/>
    <property name="sun.cpu.endian" value="little"/>
    <property name="user.home" value="C:\Users\HASEE"/>
    <property name="user.language" value="zh"/>
    <property name="java.specification.vendor" value="Oracle Corporation"/>
    <property name="java.home" value="D:\Program Files\Java\jdk1.8.0_171\jre"/>
    <property name="basedir" value="D:\Users\HASEE\IdeaProjects\HBaseDemo63"/>
    <property name="file.separator" value="\"/>
    <property name="line.separator" value="&#10;"/>
    <property name="java.vm.specification.vendor" value="Oracle Corporation"/>
    <property name="java.specification.name" value="Java Platform API Specification"/>
    <property name="java.awt.graphicsenv" value="sun.awt.Win32GraphicsEnvironment"/>
    <property name="surefire.real.class.path" value="C:\Users\HASEE\AppData\Local\Temp\surefire6983677807546491161\surefirebooter4786398699383541666.jar"/>
    <property name="sun.boot.class.path" value="D:\Program Files\Java\jdk1.8.0_171\jre\lib\resources.jar;D:\Program Files\Java\jdk1.8.0_171\jre\lib\rt.jar;D:\Program Files\Java\jdk1.8.0_171\jre\lib\sunrsasign.jar;D:\Program Files\Java\jdk1.8.0_171\jre\lib\jsse.jar;D:\Program Files\Java\jdk1.8.0_171\jre\lib\jce.jar;D:\Program Files\Java\jdk1.8.0_171\jre\lib\charsets.jar;D:\Program Files\Java\jdk1.8.0_171\jre\lib\jfr.jar;D:\Program Files\Java\jdk1.8.0_171\jre\classes"/>
    <property name="user.script" value=""/>
    <property name="sun.management.compiler" value="HotSpot 64-Bit Tiered Compilers"/>
    <property name="java.runtime.version" value="1.8.0_171-b11"/>
    <property name="user.name" value="HASEE"/>
    <property name="path.separator" value=";"/>
    <property name="os.version" value="10.0"/>
    <property name="java.endorsed.dirs" value="D:\Program Files\Java\jdk1.8.0_171\jre\lib\endorsed"/>
    <property name="java.runtime.name" value="Java(TM) SE Runtime Environment"/>
    <property name="file.encoding" value="GBK"/>
    <property name="java.vm.name" value="Java HotSpot(TM) 64-Bit Server VM"/>
    <property name="localRepository" value="D:\repo"/>
    <property name="java.vendor.url.bug" value="http://bugreport.sun.com/bugreport/"/>
    <property name="java.io.tmpdir" value="C:\Users\HASEE\AppData\Local\Temp\"/>
    <property name="java.version" value="1.8.0_171"/>
    <property name="user.dir" value="D:\Users\HASEE\IdeaProjects\HBaseDemo63"/>
    <property name="os.arch" value="amd64"/>
    <property name="java.vm.specification.name" value="Java Virtual Machine Specification"/>
    <property name="java.awt.printerjob" value="sun.awt.windows.WPrinterJob"/>
    <property name="sun.os.patch.level" value=""/>
    <property name="java.library.path" value="D:\Program Files\Java\jdk1.8.0_171\jre\bin;C:\WINDOWS\Sun\Java\bin;C:\WINDOWS\system32;C:\WINDOWS;D:\Program Files (x86)\NetSarang\Xshell 6\;D:\Program Files (x86)\NetSarang\Xftp 6\;C:\Program Files (x86)\Common Files\Oracle\Java\javapath;&quot;D:\Program Files\Java\jdk1.8.0_171\bin;D:\Program Files\Java\jdk1.8.0_171\jre\bin&quot;;C:\Program Files (x86)\Intel\iCLS Client\;C:\Program Files\Intel\iCLS Client\;C:\Windows\system32;C:\Windows;C:\Windows\System32\Wbem;C:\Windows\System32\WindowsPowerShell\v1.0\;C:\Program Files (x86)\NVIDIA Corporation\PhysX\Common;C:\Program Files (x86)\Intel\Intel(R) Management Engine Components\DAL;C:\Program Files\Intel\Intel(R) Management Engine Components\DAL;C:\Program Files (x86)\Intel\Intel(R) Management Engine Components\IPT;C:\Program Files\Intel\Intel(R) Management Engine Components\IPT;C:\Program Files\Intel\WiFi\bin\;C:\WINDOWS\system32;C:\WINDOWS;C:\WINDOWS\System32\Wbem;C:\WINDOWS\System32\WindowsPowerShell\v1.0\;D:\Program Files\Microsoft SQL Server\110\DTS\Binn\;D:\Program Files (x86)\Microsoft SQL Server\110\Tools\Binn\;D:\Program Files\Microsoft SQL Server\110\Tools\Binn\;D:\Program Files (x86)\Microsoft SQL Server\110\Tools\Binn\ManagementStudio\;C:\Program Files (x86)\Microsoft Visual Studio 10.0\Common7\IDE\PrivateAssemblies\;D:\Program Files (x86)\Microsoft SQL Server\110\DTS\Binn\;C:\WINDOWS\System32\OpenSSH\;D:\apache-maven-3.5.4\bin;D:\Program Files\Git\cmd;D:\Python\Python37\Scripts\;D:\Python\Python37\;C:\Users\HASEE\AppData\Local\Microsoft\WindowsApps;C:\Program Files\Intel\WiFi\bin\;C:\Program Files\Common Files\Intel\WirelessCommon\;D:\Program Files\Bandizip\;."/>
    <property name="java.vm.info" value="mixed mode"/>
    <property name="java.vendor" value="Oracle Corporation"/>
    <property name="java.vm.version" value="25.171-b11"/>
    <property name="java.ext.dirs" value="D:\Program Files\Java\jdk1.8.0_171\jre\lib\ext;C:\WINDOWS\Sun\Java\lib\ext"/>
    <property name="sun.io.unicode.encoding" value="UnicodeLittle"/>
    <property name="java.class.version" value="52.0"/>
  </properties>
  <testcase name="shouldAnswerWithTrue" classname="hadoop.ch06.v17124080229.AppTest" time="0.004"/>
</testsuite>